<?xml version="1.0" encoding="UTF-8"?>
<!-- Generated by org.testng.reporters.JUnitReportReporter -->
<testsuite hostname="Tiger" failures="0" tests="1" name="com.rmgyantra.CRUD_With_BDD.DeleteData" time="2.437" errors="0" timestamp="2022-10-25T17:01:59 IST" skipped="0">
  <testcase classname="com.rmgyantra.CRUD_With_BDD.DeleteData" name="deletingproject" time="2.437"/>
  <system-out/>
</testsuite> <!-- com.rmgyantra.CRUD_With_BDD.DeleteData -->
