<?xml version="1.0" encoding="UTF-8"?>
<!-- Generated by org.testng.reporters.JUnitReportReporter -->
<testsuite hostname="Tiger" failures="0" tests="1" name="com.rmgyantra.Differentwaysto_Post.CreateProjectusingPOJOClass" time="1.890" errors="0" timestamp="2022-10-26T12:11:20 IST" skipped="0">
  <testcase classname="com.rmgyantra.Differentwaysto_Post.CreateProjectusingPOJOClass" name="createProject" time="1.890"/>
  <system-out/>
</testsuite> <!-- com.rmgyantra.Differentwaysto_Post.CreateProjectusingPOJOClass -->
