<?xml version="1.0" encoding="UTF-8"?>
<!-- Generated by org.testng.reporters.JUnitReportReporter -->
<testsuite hostname="Tiger" failures="0" tests="1" name="com.rmgyantra.CRUD_With_BDD.UpdateData" time="3.189" errors="0" timestamp="2022-10-25T17:20:15 IST" skipped="0">
  <testcase classname="com.rmgyantra.CRUD_With_BDD.UpdateData" name="updatingdata" time="3.189"/>
  <system-out/>
</testsuite> <!-- com.rmgyantra.CRUD_With_BDD.UpdateData -->
