<?xml version="1.0" encoding="UTF-8"?>
<!-- Generated by org.testng.reporters.JUnitReportReporter -->
<testsuite hostname="Tiger" failures="0" tests="1" name="com.rmgyantra.CRUD_With_BDD.CreateData" time="2.957" errors="0" timestamp="2022-10-25T18:11:07 IST" skipped="0">
  <testcase classname="com.rmgyantra.CRUD_With_BDD.CreateData" name="creatingproject" time="2.957"/>
  <system-out/>
</testsuite> <!-- com.rmgyantra.CRUD_With_BDD.CreateData -->
