<?xml version="1.0" encoding="UTF-8"?>
<!-- Generated by org.testng.reporters.JUnitReportReporter -->
<testsuite hostname="Tiger" failures="0" tests="1" name="com.rmgyantravalidation.DynamicvalueValidation" time="2.971" errors="0" timestamp="2022-10-26T15:45:10 IST" skipped="0">
  <testcase classname="com.rmgyantravalidation.DynamicvalueValidation" name="dynamicvalidation" time="2.971"/>
  <system-out/>
</testsuite> <!-- com.rmgyantravalidation.DynamicvalueValidation -->
