<?xml version="1.0" encoding="UTF-8"?>
<!-- Generated by org.testng.reporters.JUnitReportReporter -->
<testsuite hostname="Tiger" failures="0" tests="1" name="com.rmgyantra.Parameters.Requestchaining" time="3.107" errors="0" timestamp="2022-10-26T17:42:18 IST" skipped="0">
  <testcase classname="com.rmgyantra.Parameters.Requestchaining" name="request" time="3.107"/>
  <system-out/>
</testsuite> <!-- com.rmgyantra.Parameters.Requestchaining -->
