<?xml version="1.0" encoding="UTF-8"?>
<!-- Generated by org.testng.reporters.JUnitReportReporter -->
<testsuite hostname="Tiger" failures="0" tests="2" name="com.rmgyantra.Differentwaysto_Post.CreateProjectusingPOJOClassDP" time="1.788" errors="0" timestamp="2022-10-26T12:55:01 IST" skipped="0">
  <testcase classname="com.rmgyantra.Differentwaysto_Post.CreateProjectusingPOJOClassDP" name="createProject" time="1.762"/>
  <system-out/>
  <testcase classname="com.rmgyantra.Differentwaysto_Post.CreateProjectusingPOJOClassDP" name="createProject" time="0.026"/>
  <system-out/>
</testsuite> <!-- com.rmgyantra.Differentwaysto_Post.CreateProjectusingPOJOClassDP -->
