<?xml version="1.0" encoding="UTF-8"?>
<!-- Generated by org.testng.reporters.JUnitReportReporter -->
<testsuite hostname="Tiger" failures="0" tests="1" name="com.rmgyantra.Differentwaysto_Post.CreateProjectusingHashMap" time="2.845" errors="0" timestamp="2022-10-25T18:11:32 IST" skipped="0">
  <testcase classname="com.rmgyantra.Differentwaysto_Post.CreateProjectusingHashMap" name="creatingproject" time="2.845"/>
  <system-out/>
</testsuite> <!-- com.rmgyantra.Differentwaysto_Post.CreateProjectusingHashMap -->
