<?xml version="1.0" encoding="UTF-8"?>
<!-- Generated by org.testng.reporters.JUnitReportReporter -->
<testsuite hostname="Tiger" failures="0" tests="1" name="com.rmgyantra.CRUD_Without_BDD.CreateData" time="2.966" errors="0" timestamp="2022-10-25T16:08:54 IST" skipped="0">
  <testcase classname="com.rmgyantra.CRUD_Without_BDD.CreateData" name="createProject" time="2.966"/>
  <system-out/>
</testsuite> <!-- com.rmgyantra.CRUD_Without_BDD.CreateData -->
