<?xml version="1.0" encoding="UTF-8"?>
<!-- Generated by org.testng.reporters.JUnitReportReporter -->
<testsuite hostname="Tiger" failures="0" tests="1" name="com.rmgyantra.Parameters.RequestChainingscenario1" time="3.767" errors="0" timestamp="2022-10-28T10:45:50 IST" skipped="0">
  <testcase classname="com.rmgyantra.Parameters.RequestChainingscenario1" name="scenarion" time="3.767"/>
  <system-out/>
</testsuite> <!-- com.rmgyantra.Parameters.RequestChainingscenario1 -->
