<?xml version="1.0" encoding="UTF-8"?>
<!-- Generated by org.testng.reporters.JUnitReportReporter -->
<testsuite hostname="Tiger" failures="0" tests="1" name="com.rmgyantra.CRUD_Without_BDD.UpdateData" time="2.892" errors="0" timestamp="2022-10-25T16:30:08 IST" skipped="0">
  <testcase classname="com.rmgyantra.CRUD_Without_BDD.UpdateData" name="updateproject" time="2.892"/>
  <system-out/>
</testsuite> <!-- com.rmgyantra.CRUD_Without_BDD.UpdateData -->
