<?xml version="1.0" encoding="UTF-8"?>
<!-- Generated by org.testng.reporters.JUnitReportReporter -->
<testsuite hostname="Tiger" failures="0" tests="1" name="com.rmgyantra.Parameters.PathParameter" time="2.370" errors="0" timestamp="2022-10-26T16:57:27 IST" skipped="0">
  <testcase classname="com.rmgyantra.Parameters.PathParameter" name="pathaparam" time="2.370"/>
  <system-out/>
</testsuite> <!-- com.rmgyantra.Parameters.PathParameter -->
