<?xml version="1.0" encoding="UTF-8"?>
<!-- Generated by org.testng.reporters.JUnitReportReporter -->
<testsuite hostname="Tiger" failures="0" tests="1" name="com.rmgyantra_scenario1.End2End2" time="3.518" errors="0" timestamp="2022-10-28T15:00:12 IST" skipped="0">
  <testcase classname="com.rmgyantra_scenario1.End2End2" name="end2end2" time="3.518"/>
  <system-out/>
</testsuite> <!-- com.rmgyantra_scenario1.End2End2 -->
