<?xml version="1.0" encoding="UTF-8"?>
<!-- Generated by org.testng.reporters.JUnitReportReporter -->
<testsuite hostname="Tiger" failures="0" tests="1" name="com.rmgyantra_scenario1.End2End" time="3.643" errors="0" timestamp="2022-10-28T12:38:07 IST" skipped="0">
  <testcase classname="com.rmgyantra_scenario1.End2End" name="end2end" time="3.643"/>
  <system-out/>
</testsuite> <!-- com.rmgyantra_scenario1.End2End -->
