<?xml version="1.0" encoding="UTF-8"?>
<!-- Generated by org.testng.reporters.JUnitReportReporter -->
<testsuite hostname="Tiger" failures="0" tests="1" name="com.rmgyantra.CRUD_Without_BDD.GettinDataTest" time="2.262" errors="0" timestamp="2022-10-25T15:31:09 IST" skipped="0">
  <testcase classname="com.rmgyantra.CRUD_Without_BDD.GettinDataTest" name="getData" time="2.262"/>
  <system-out/>
</testsuite> <!-- com.rmgyantra.CRUD_Without_BDD.GettinDataTest -->
