<?xml version="1.0" encoding="UTF-8"?>
<!-- Generated by org.testng.reporters.JUnitReportReporter -->
<testsuite hostname="Tiger" failures="0" tests="1" name="com.rmgyanra.Authentication.OAuth2O" time="3.407" errors="0" timestamp="2022-10-27T16:32:07 IST" skipped="0">
  <testcase classname="com.rmgyanra.Authentication.OAuth2O" name="Oauth" time="3.407"/>
  <system-out/>
</testsuite> <!-- com.rmgyanra.Authentication.OAuth2O -->
