<?xml version="1.0" encoding="UTF-8"?>
<!-- Generated by org.testng.reporters.JUnitReportReporter -->
<testsuite hostname="Tiger" failures="0" tests="1" name="com.rmgyantra.Parameters.RequestChainingscenario2" time="3.940" errors="0" timestamp="2022-10-28T10:16:27 IST" skipped="0">
  <testcase classname="com.rmgyantra.Parameters.RequestChainingscenario2" name="scenario2" time="3.940"/>
  <system-out/>
</testsuite> <!-- com.rmgyantra.Parameters.RequestChainingscenario2 -->
