<?xml version="1.0" encoding="UTF-8"?>
<!-- Generated by org.testng.reporters.JUnitReportReporter -->
<testsuite hostname="Tiger" failures="0" tests="1" name="com.rmgyantra.CRUD_With_BDD.GetData" time="2.484" errors="0" timestamp="2022-10-30T17:55:10 IST" skipped="0">
  <testcase classname="com.rmgyantra.CRUD_With_BDD.GetData" name="getProject" time="2.484"/>
  <system-out/>
</testsuite> <!-- com.rmgyantra.CRUD_With_BDD.GetData -->
