<?xml version="1.0" encoding="UTF-8"?>
<!-- Generated by org.testng.reporters.JUnitReportReporter -->
<testsuite hostname="Tiger" failures="0" tests="1" name="com.rmgyanra.Authentication.BarerToken" time="2.267" errors="0" timestamp="2022-10-27T15:41:26 IST" skipped="0">
  <testcase classname="com.rmgyanra.Authentication.BarerToken" name="barertoken" time="2.267"/>
  <system-out/>
</testsuite> <!-- com.rmgyanra.Authentication.BarerToken -->
