<?xml version="1.0" encoding="UTF-8"?>
<!-- Generated by org.testng.reporters.JUnitReportReporter -->
<testsuite hostname="Tiger" failures="0" tests="1" name="com.rmgyantra.Parameters.RequestChainingpostupdatedelete" time="3.878" errors="0" timestamp="2022-10-27T11:16:04 IST" skipped="0">
  <testcase classname="com.rmgyantra.Parameters.RequestChainingpostupdatedelete" name="chaining" time="3.878"/>
  <system-out/>
</testsuite> <!-- com.rmgyantra.Parameters.RequestChainingpostupdatedelete -->
