<?xml version="1.0" encoding="UTF-8"?>
<!-- Generated by org.testng.reporters.JUnitReportReporter -->
<testsuite hostname="Tiger" failures="0" tests="1" name="com.rmgyantra.CRUD_With_BDD.PatchData" time="3.976" errors="0" timestamp="2022-10-25T17:26:40 IST" skipped="0">
  <testcase classname="com.rmgyantra.CRUD_With_BDD.PatchData" name="partialData" time="3.976"/>
  <system-out/>
</testsuite> <!-- com.rmgyantra.CRUD_With_BDD.PatchData -->
