<?xml version="1.0" encoding="UTF-8"?>
<!-- Generated by org.testng.reporters.JUnitReportReporter -->
<testsuite hostname="Tiger" failures="0" tests="1" name="com.rmgyantra.Parameters.Requestchainingcomplete" time="3.696" errors="0" timestamp="2022-10-27T09:47:44 IST" skipped="0">
  <testcase classname="com.rmgyantra.Parameters.Requestchainingcomplete" name="requestpost" time="3.696"/>
  <system-out/>
</testsuite> <!-- com.rmgyantra.Parameters.Requestchainingcomplete -->
