<?xml version="1.0" encoding="UTF-8"?>
<!-- Generated by org.testng.reporters.JUnitReportReporter -->
<testsuite hostname="Tiger" failures="0" tests="1" name="com.rmgyanra.Authentication.BasicAuthTest" time="1.792" errors="0" timestamp="2022-10-27T15:20:02 IST" skipped="0">
  <testcase classname="com.rmgyanra.Authentication.BasicAuthTest" name="basicauth" time="1.792"/>
  <system-out/>
</testsuite> <!-- com.rmgyanra.Authentication.BasicAuthTest -->
