<?xml version="1.0" encoding="UTF-8"?>
<!-- Generated by org.testng.reporters.JUnitReportReporter -->
<testsuite hostname="Tiger" failures="0" tests="1" name="com.rmgyantra.Differentwaysto_Post.CreateDatausingJSONFile" time="1.712" errors="0" timestamp="2022-10-26T11:44:36 IST" skipped="0">
  <testcase classname="com.rmgyantra.Differentwaysto_Post.CreateDatausingJSONFile" name="createProject" time="1.712"/>
  <system-out/>
</testsuite> <!-- com.rmgyantra.Differentwaysto_Post.CreateDatausingJSONFile -->
