<?xml version="1.0" encoding="UTF-8"?>
<!-- Generated by org.testng.reporters.JUnitReportReporter -->
<testsuite hostname="Tiger" failures="0" tests="1" name="com.rmgyantravalidation.StaticvalueValidation" time="3.133" errors="0" timestamp="2022-10-26T15:41:40 IST" skipped="0">
  <testcase classname="com.rmgyantravalidation.StaticvalueValidation" name="staticValidation" time="3.133"/>
  <system-out/>
</testsuite> <!-- com.rmgyantravalidation.StaticvalueValidation -->
